[2013-09-05 19:16:47,311] INFO  [Factory]  - Listing geographic layers at http://localhost:8080/openrdf-sesame/repositories/lod4wfs ...
[2013-09-05 19:16:47,610] INFO  [Factory]  - Creating Capabilities Document of WL-POOL1-PNT-01936.UNI-MUENSTER.DE:8081/lod4wfs/wfs ...
[2013-09-05 19:16:47,665] INFO  [org.eclipse.jetty.server.Server]  - jetty-8.1.10.v20130312
[2013-09-05 19:16:47,796] INFO  [org.eclipse.jetty.server.AbstractConnector]  - Started SelectChannelConnector@0.0.0.0:8081
[2013-09-05 19:16:55,597] INFO  [Web-Interface]  - Processing GetCapabilities  ...
[2013-09-05 19:16:55,598] INFO  [Factory]  - Listing geographic layers at http://localhost:8080/openrdf-sesame/repositories/lod4wfs ...
[2013-09-05 19:16:55,636] INFO  [Factory]  - Creating Capabilities Document of WL-POOL1-PNT-01936.UNI-MUENSTER.DE:8081/lod4wfs/wfs ...
[2013-09-05 19:16:55,657] INFO  [Web-Interface]  - GetCapabilities request delivered. 
[2013-09-05 19:16:57,468] INFO  [Web-Interface]  - Processing DescribeFeatureType request for the feature gl0:brazil_municipalities ...
[2013-09-05 19:16:57,468] INFO  [Factory]  - Listing available predicates for gl0:brazil_municipalities ...
[2013-09-05 19:16:57,667] INFO  [Factory]  - Creating DescribeFeatureType XML document for gl0:brazil_municipalities ...
[2013-09-05 19:16:57,671] INFO  [Factory]  - Getting geometry type for gl0:brazil_municipalities ...
[2013-09-05 19:16:57,738] INFO  [Web-Interface]  - DescribeFeatureType request delivered.
[2013-09-05 19:16:57,743] INFO  [Web-Interface]  - Processing GetFeature request for the feature gl0:brazil_municipalities ...
[2013-09-05 19:16:57,743] INFO  [Factory]  - Listing available predicates for gl0:brazil_municipalities ...
[2013-09-05 19:16:57,913] INFO  [Factory]  - Performing query at http://localhost:8080/openrdf-sesame/repositories/lod4wfs to retrieve all geometries of gl0:brazil_municipalities  ...
[2013-09-05 19:16:57,934] INFO  [Web-Interface]  - GetFeature request delivered. 

[2013-09-05 19:16:57,946] INFO  [Web-Interface]  - Processing GetCapabilities  ...
[2013-09-05 19:16:57,946] INFO  [Factory]  - Listing geographic layers at http://localhost:8080/openrdf-sesame/repositories/lod4wfs ...
[2013-09-05 19:16:57,976] INFO  [Factory]  - Creating Capabilities Document of WL-POOL1-PNT-01936.UNI-MUENSTER.DE:8081/lod4wfs/wfs ...
[2013-09-05 19:16:57,998] INFO  [Web-Interface]  - GetCapabilities request delivered. 
[2013-09-05 19:17:39,702] INFO  [Factory]  - Listing geographic layers at http://localhost:8080/openrdf-sesame/repositories/lod4wfs ...
[2013-09-05 19:17:40,061] INFO  [Factory]  - Creating Capabilities Document of WL-POOL1-PNT-01936.UNI-MUENSTER.DE:8081/lod4wfs/wfs ...
[2013-09-05 19:17:40,120] INFO  [org.eclipse.jetty.server.Server]  - jetty-8.1.10.v20130312
[2013-09-05 19:17:40,205] WARN  [org.eclipse.jetty.util.component.AbstractLifeCycle]  - FAILED SelectChannelConnector@0.0.0.0:8081: java.net.BindException: Address already in use
java.net.BindException: Address already in use
	at sun.nio.ch.Net.bind0(Native Method)
	at sun.nio.ch.Net.bind(Net.java:444)
	at sun.nio.ch.Net.bind(Net.java:436)
	at sun.nio.ch.ServerSocketChannelImpl.bind(ServerSocketChannelImpl.java:214)
	at sun.nio.ch.ServerSocketAdaptor.bind(ServerSocketAdaptor.java:74)
	at org.eclipse.jetty.server.nio.SelectChannelConnector.open(SelectChannelConnector.java:187)
	at org.eclipse.jetty.server.AbstractConnector.doStart(AbstractConnector.java:316)
	at org.eclipse.jetty.server.nio.SelectChannelConnector.doStart(SelectChannelConnector.java:265)
	at org.eclipse.jetty.util.component.AbstractLifeCycle.start(AbstractLifeCycle.java:64)
	at org.eclipse.jetty.server.Server.doStart(Server.java:291)
	at org.eclipse.jetty.util.component.AbstractLifeCycle.start(AbstractLifeCycle.java:64)
	at de.ifgi.lod4wfs.web.Start.main(Start.java:53)
[2013-09-05 19:17:40,208] WARN  [org.eclipse.jetty.util.component.AbstractLifeCycle]  - FAILED org.eclipse.jetty.server.Server@417e6e7c: java.net.BindException: Address already in use
java.net.BindException: Address already in use
	at sun.nio.ch.Net.bind0(Native Method)
	at sun.nio.ch.Net.bind(Net.java:444)
	at sun.nio.ch.Net.bind(Net.java:436)
	at sun.nio.ch.ServerSocketChannelImpl.bind(ServerSocketChannelImpl.java:214)
	at sun.nio.ch.ServerSocketAdaptor.bind(ServerSocketAdaptor.java:74)
	at org.eclipse.jetty.server.nio.SelectChannelConnector.open(SelectChannelConnector.java:187)
	at org.eclipse.jetty.server.AbstractConnector.doStart(AbstractConnector.java:316)
	at org.eclipse.jetty.server.nio.SelectChannelConnector.doStart(SelectChannelConnector.java:265)
	at org.eclipse.jetty.util.component.AbstractLifeCycle.start(AbstractLifeCycle.java:64)
	at org.eclipse.jetty.server.Server.doStart(Server.java:291)
	at org.eclipse.jetty.util.component.AbstractLifeCycle.start(AbstractLifeCycle.java:64)
	at de.ifgi.lod4wfs.web.Start.main(Start.java:53)
[2013-09-05 19:17:46,879] INFO  [Factory]  - Listing geographic layers at http://localhost:8080/openrdf-sesame/repositories/lod4wfs ...
[2013-09-05 19:17:47,321] INFO  [Factory]  - Creating Capabilities Document of WL-POOL1-PNT-01936.UNI-MUENSTER.DE:8081/lod4wfs/wfs ...
[2013-09-05 19:17:47,379] INFO  [org.eclipse.jetty.server.Server]  - jetty-8.1.10.v20130312
[2013-09-05 19:17:47,484] INFO  [org.eclipse.jetty.server.AbstractConnector]  - Started SelectChannelConnector@0.0.0.0:8081
[2013-09-05 19:17:48,919] INFO  [Web-Interface]  - Processing GetCapabilities  ...
[2013-09-05 19:17:48,919] INFO  [Factory]  - Listing geographic layers at http://localhost:8080/openrdf-sesame/repositories/lod4wfs ...
[2013-09-05 19:17:48,964] INFO  [Factory]  - Creating Capabilities Document of WL-POOL1-PNT-01936.UNI-MUENSTER.DE:8081/lod4wfs/wfs ...
[2013-09-05 19:17:48,983] INFO  [Web-Interface]  - GetCapabilities request delivered. 
[2013-09-05 19:17:50,396] INFO  [Web-Interface]  - Processing DescribeFeatureType request for the feature gl0:brazil_municipalities ...
[2013-09-05 19:17:50,396] INFO  [Factory]  - Listing available predicates for gl0:brazil_municipalities ...
[2013-09-05 19:17:50,583] INFO  [Factory]  - Creating DescribeFeatureType XML document for gl0:brazil_municipalities ...
[2013-09-05 19:17:50,586] INFO  [Factory]  - Getting geometry type for gl0:brazil_municipalities ...
[2013-09-05 19:17:50,648] INFO  [Web-Interface]  - DescribeFeatureType request delivered.
[2013-09-05 19:17:50,652] INFO  [Web-Interface]  - Processing GetFeature request for the feature gl0:brazil_municipalities ...
[2013-09-05 19:17:50,652] INFO  [Factory]  - Listing available predicates for gl0:brazil_municipalities ...
[2013-09-05 19:17:50,817] INFO  [Factory]  - Performing query at http://localhost:8080/openrdf-sesame/repositories/lod4wfs to retrieve all geometries of gl0:brazil_municipalities  ...
[2013-09-05 19:17:50,912] INFO  [Factory]  - Creating GetFeature XML document for gl0:brazil_municipalities...
[2013-09-05 19:17:57,093] INFO  [Factory]  - XML Document with 5799 features successfully created.
[2013-09-05 19:17:57,710] INFO  [Web-Interface]  - GetFeature request delivered. 

[2013-09-05 19:17:58,908] INFO  [Web-Interface]  - Processing GetCapabilities  ...
[2013-09-05 19:17:58,909] INFO  [Factory]  - Listing geographic layers at http://localhost:8080/openrdf-sesame/repositories/lod4wfs ...
[2013-09-05 19:17:58,940] INFO  [Factory]  - Creating Capabilities Document of WL-POOL1-PNT-01936.UNI-MUENSTER.DE:8081/lod4wfs/wfs ...
[2013-09-05 19:17:58,956] INFO  [Web-Interface]  - GetCapabilities request delivered. 
[2013-09-05 19:29:52,978] INFO  [Factory]  - Listing geographic layers at http://localhost:8080/openrdf-sesame/repositories/lod4wfs ...
[2013-09-05 19:29:53,382] INFO  [Factory]  - Creating Capabilities Document of WL-POOL1-PNT-01936.UNI-MUENSTER.DE:8081/lod4wfs/wfs ...
[2013-09-05 19:29:53,437] INFO  [org.eclipse.jetty.server.Server]  - jetty-8.1.10.v20130312
[2013-09-05 19:29:53,598] INFO  [org.eclipse.jetty.server.AbstractConnector]  - Started SelectChannelConnector@0.0.0.0:8081
[2013-09-05 19:29:58,592] INFO  [Web-Interface]  - Processing GetCapabilities  ...
[2013-09-05 19:29:58,592] INFO  [Factory]  - Listing geographic layers at http://localhost:8080/openrdf-sesame/repositories/lod4wfs ...
[2013-09-05 19:29:58,639] INFO  [Factory]  - Creating Capabilities Document of WL-POOL1-PNT-01936.UNI-MUENSTER.DE:8081/lod4wfs/wfs ...
[2013-09-05 19:29:58,664] INFO  [Web-Interface]  - GetCapabilities request delivered. 
[2013-09-05 19:30:00,432] INFO  [Web-Interface]  - Processing DescribeFeatureType request for the feature gl0:brazil_municipalities ...
[2013-09-05 19:30:00,433] INFO  [Factory]  - Listing available predicates for gl0:brazil_municipalities ...
[2013-09-05 19:30:00,626] INFO  [Factory]  - Creating DescribeFeatureType XML document for gl0:brazil_municipalities ...
[2013-09-05 19:30:00,629] INFO  [Factory]  - Getting geometry type for gl0:brazil_municipalities ...
[2013-09-05 19:30:00,704] INFO  [Web-Interface]  - DescribeFeatureType request delivered.
[2013-09-05 19:30:00,709] INFO  [Web-Interface]  - Processing GetFeature request for the feature gl0:brazil_municipalities ...
[2013-09-05 19:30:00,709] INFO  [Factory]  - Listing available predicates for gl0:brazil_municipalities ...
[2013-09-05 19:30:00,912] INFO  [Factory]  - Performing query at http://localhost:8080/openrdf-sesame/repositories/lod4wfs to retrieve all geometries of gl0:brazil_municipalities  ...
[2013-09-05 19:30:00,915] WARN  [org.eclipse.jetty.servlet.ServletHandler]  - /lod4wfs/wfs
com.hp.hpl.jena.query.QueryParseException: Encountered " "?" "? "" at line 12, column 2.
Was expecting one of:
    <VAR1> ...
    <VAR2> ...
    "from" ...
    "where" ...
    "(" ...
    "{" ...
    
	at com.hp.hpl.jena.sparql.lang.ParserSPARQL11.perform(ParserSPARQL11.java:102)
	at com.hp.hpl.jena.sparql.lang.ParserSPARQL11.parse$(ParserSPARQL11.java:53)
	at com.hp.hpl.jena.sparql.lang.SPARQLParser.parse(SPARQLParser.java:37)
	at com.hp.hpl.jena.query.QueryFactory.parse(QueryFactory.java:156)
	at com.hp.hpl.jena.query.QueryFactory.create(QueryFactory.java:79)
	at com.hp.hpl.jena.query.QueryFactory.create(QueryFactory.java:52)
	at com.hp.hpl.jena.query.QueryFactory.create(QueryFactory.java:40)
	at de.ifgi.lod4wfs.infrastructure.JenaConnector.executeQuery(JenaConnector.java:21)
	at de.ifgi.lod4wfs.factory.FactoryJena.getFeature(FactoryJena.java:425)
	at de.ifgi.lod4wfs.facade.Facade.getFeature(Facade.java:29)
	at de.ifgi.lod4wfs.web.ServletWFS.doGet(ServletWFS.java:135)
	at javax.servlet.http.HttpServlet.service(HttpServlet.java:735)
	at javax.servlet.http.HttpServlet.service(HttpServlet.java:848)
	at org.eclipse.jetty.servlet.ServletHolder.handle(ServletHolder.java:669)
	at org.eclipse.jetty.servlet.ServletHandler.doHandle(ServletHandler.java:457)
	at org.eclipse.jetty.server.session.SessionHandler.doHandle(SessionHandler.java:229)
	at org.eclipse.jetty.server.handler.ContextHandler.doHandle(ContextHandler.java:1075)
	at org.eclipse.jetty.servlet.ServletHandler.doScope(ServletHandler.java:384)
	at org.eclipse.jetty.server.session.SessionHandler.doScope(SessionHandler.java:193)
	at org.eclipse.jetty.server.handler.ContextHandler.doScope(ContextHandler.java:1009)
	at org.eclipse.jetty.server.handler.ScopedHandler.handle(ScopedHandler.java:135)
	at org.eclipse.jetty.server.handler.HandlerWrapper.handle(HandlerWrapper.java:116)
	at org.eclipse.jetty.server.Server.handle(Server.java:368)
	at org.eclipse.jetty.server.AbstractHttpConnection.handleRequest(AbstractHttpConnection.java:489)
	at org.eclipse.jetty.server.AbstractHttpConnection.headerComplete(AbstractHttpConnection.java:942)
	at org.eclipse.jetty.server.AbstractHttpConnection$RequestHandler.headerComplete(AbstractHttpConnection.java:1004)
	at org.eclipse.jetty.http.HttpParser.parseNext(HttpParser.java:640)
	at org.eclipse.jetty.http.HttpParser.parseAvailable(HttpParser.java:235)
	at org.eclipse.jetty.server.AsyncHttpConnection.handle(AsyncHttpConnection.java:82)
	at org.eclipse.jetty.io.nio.SelectChannelEndPoint.handle(SelectChannelEndPoint.java:628)
	at org.eclipse.jetty.io.nio.SelectChannelEndPoint$1.run(SelectChannelEndPoint.java:52)
	at org.eclipse.jetty.util.thread.QueuedThreadPool.runJob(QueuedThreadPool.java:608)
	at org.eclipse.jetty.util.thread.QueuedThreadPool$3.run(QueuedThreadPool.java:543)
	at java.lang.Thread.run(Thread.java:724)
[2013-09-05 19:30:01,053] INFO  [Web-Interface]  - Processing GetCapabilities  ...
[2013-09-05 19:30:01,054] INFO  [Factory]  - Listing geographic layers at http://localhost:8080/openrdf-sesame/repositories/lod4wfs ...
[2013-09-05 19:30:01,078] INFO  [Factory]  - Creating Capabilities Document of WL-POOL1-PNT-01936.UNI-MUENSTER.DE:8081/lod4wfs/wfs ...
[2013-09-05 19:30:01,096] INFO  [Web-Interface]  - GetCapabilities request delivered. 
[2013-09-27 15:20:29,707] INFO  [Factory]  - Listing geographic layers at http://localhost:8080/openrdf-sesame/repositories/lod4wfs ...
[2013-09-27 15:23:56,457] INFO  [Factory]  - Listing geographic layers at http://localhost:8080/openrdf-sesame/repositories/lod4wfs ...
[2013-09-27 15:24:30,879] INFO  [Factory]  - Listing geographic layers at http://localhost:8080/openrdf-sesame/repositories/lod4wfs ...
[2013-09-27 15:25:24,318] INFO  [Factory]  - Listing geographic layers at http://localhost:8080/openrdf-sesame/repositories/lod4wfs ...
[2013-09-27 15:26:59,955] INFO  [Factory]  - Listing geographic layers at http://localhost:8080/openrdf-sesame/repositories/lod4wfs ...
[2013-09-27 15:35:49,014] INFO  [Factory]  - Listing geographic layers at http://localhost:8080/openrdf-sesame/repositories/lod4wfs ...
[2013-09-27 15:38:22,141] INFO  [Factory]  - Listing geographic layers at http://localhost:8080/openrdf-sesame/repositories/lod4wfs ...
[2013-09-27 15:41:23,433] INFO  [Factory]  - Listing geographic layers at http://localhost:8080/openrdf-sesame/repositories/lod4wfs ...
[2013-09-27 15:48:57,248] INFO  [Factory]  - Listing geographic layers at http://localhost:8080/openrdf-sesame/repositories/lod4wfs ...
[2013-09-27 15:55:06,322] INFO  [Factory]  - Listing geographic layers at http://localhost:8080/openrdf-sesame/repositories/lod4wfs ...
[2013-09-27 15:57:50,599] INFO  [Factory]  - Listing geographic layers at http://localhost:8080/openrdf-sesame/repositories/lod4wfs ...
[2013-09-27 16:00:03,915] INFO  [Factory]  - Listing geographic layers at http://localhost:8080/openrdf-sesame/repositories/lod4wfs ...
[2013-09-27 16:02:33,865] INFO  [Factory]  - Listing geographic layers at http://localhost:8080/openrdf-sesame/repositories/lod4wfs ...
[2013-09-27 16:03:04,717] INFO  [Factory]  - Listing geographic layers at http://localhost:8080/openrdf-sesame/repositories/lod4wfs ...
[2013-09-27 16:03:19,151] INFO  [Factory]  - Listing geographic layers at http://localhost:8080/openrdf-sesame/repositories/lod4wfs ...
[2013-09-27 16:03:46,847] INFO  [Factory]  - Listing geographic layers at http://localhost:8080/openrdf-sesame/repositories/lod4wfs ...
[2013-09-27 16:03:54,185] INFO  [Factory]  - Listing geographic layers at http://localhost:8080/openrdf-sesame/repositories/lod4wfs ...
[2013-09-27 16:04:14,457] INFO  [Factory]  - Listing geographic layers at http://localhost:8080/openrdf-sesame/repositories/lod4wfs ...
[2013-09-27 16:04:42,729] INFO  [Factory]  - Listing geographic layers at http://localhost:8080/openrdf-sesame/repositories/lod4wfs ...
[2013-09-27 16:04:58,412] INFO  [Factory]  - Listing geographic layers at http://localhost:8080/openrdf-sesame/repositories/lod4wfs ...
[2013-09-27 16:05:51,915] INFO  [Factory]  - Listing geographic layers at http://localhost:8080/openrdf-sesame/repositories/lod4wfs ...
[2013-09-27 16:06:33,464] INFO  [Factory]  - Listing geographic layers at http://localhost:8080/openrdf-sesame/repositories/lod4wfs ...
[2013-09-27 16:07:57,549] INFO  [Factory]  - Listing geographic layers at http://recife:8081/parliament/sparql ...
[2013-09-27 16:08:31,443] INFO  [Factory]  - Listing geographic layers at http://recife:8082/parliament/sparql ...
[2013-09-27 16:10:01,820] INFO  [Factory]  - Listing geographic layers at http://recife:8080/openrdf-sesame/repositories/lod4wfs ...
[2013-09-27 16:10:02,047] INFO  [org.eclipse.jetty.server.Server]  - jetty-8.1.10.v20130312
[2013-09-27 16:10:02,119] INFO  [org.eclipse.jetty.server.AbstractConnector]  - Started SelectChannelConnector@0.0.0.0:8081
[2013-09-27 16:18:02,862] INFO  [Factory]  - Listing geographic layers at http://recife:8080/openrdf-sesame/repositories/lod4wfs ...
[2013-09-27 16:18:03,012] INFO  [org.eclipse.jetty.server.Server]  - jetty-8.1.10.v20130312
[2013-09-27 16:18:03,073] WARN  [org.eclipse.jetty.util.component.AbstractLifeCycle]  - FAILED SelectChannelConnector@0.0.0.0:8081: java.net.BindException: Address already in use
java.net.BindException: Address already in use
	at sun.nio.ch.Net.bind0(Native Method)
	at sun.nio.ch.Net.bind(Net.java:444)
	at sun.nio.ch.Net.bind(Net.java:436)
	at sun.nio.ch.ServerSocketChannelImpl.bind(ServerSocketChannelImpl.java:214)
	at sun.nio.ch.ServerSocketAdaptor.bind(ServerSocketAdaptor.java:74)
	at org.eclipse.jetty.server.nio.SelectChannelConnector.open(SelectChannelConnector.java:187)
	at org.eclipse.jetty.server.AbstractConnector.doStart(AbstractConnector.java:316)
	at org.eclipse.jetty.server.nio.SelectChannelConnector.doStart(SelectChannelConnector.java:265)
	at org.eclipse.jetty.util.component.AbstractLifeCycle.start(AbstractLifeCycle.java:64)
	at org.eclipse.jetty.server.Server.doStart(Server.java:291)
	at org.eclipse.jetty.util.component.AbstractLifeCycle.start(AbstractLifeCycle.java:64)
	at de.ifgi.lod4wfs.web.Start.main(Start.java:57)
[2013-09-27 16:18:03,075] WARN  [org.eclipse.jetty.util.component.AbstractLifeCycle]  - FAILED org.eclipse.jetty.server.Server@6875577e: java.net.BindException: Address already in use
java.net.BindException: Address already in use
	at sun.nio.ch.Net.bind0(Native Method)
	at sun.nio.ch.Net.bind(Net.java:444)
	at sun.nio.ch.Net.bind(Net.java:436)
	at sun.nio.ch.ServerSocketChannelImpl.bind(ServerSocketChannelImpl.java:214)
	at sun.nio.ch.ServerSocketAdaptor.bind(ServerSocketAdaptor.java:74)
	at org.eclipse.jetty.server.nio.SelectChannelConnector.open(SelectChannelConnector.java:187)
	at org.eclipse.jetty.server.AbstractConnector.doStart(AbstractConnector.java:316)
	at org.eclipse.jetty.server.nio.SelectChannelConnector.doStart(SelectChannelConnector.java:265)
	at org.eclipse.jetty.util.component.AbstractLifeCycle.start(AbstractLifeCycle.java:64)
	at org.eclipse.jetty.server.Server.doStart(Server.java:291)
	at org.eclipse.jetty.util.component.AbstractLifeCycle.start(AbstractLifeCycle.java:64)
	at de.ifgi.lod4wfs.web.Start.main(Start.java:57)
[2013-09-27 16:18:20,629] INFO  [Factory]  - Listing geographic layers at http://recife:8080/openrdf-sesame/repositories/lod4wfs ...
[2013-09-27 16:18:20,793] INFO  [org.eclipse.jetty.server.Server]  - jetty-8.1.10.v20130312
[2013-09-27 16:18:20,854] INFO  [org.eclipse.jetty.server.AbstractConnector]  - Started SelectChannelConnector@0.0.0.0:8081
[2013-09-27 16:18:37,524] INFO  [Factory]  - Listing geographic layers at http://recife:8080/openrdf-sesame/repositories/lod4wfs ...
[2013-09-27 16:18:37,710] INFO  [org.eclipse.jetty.server.Server]  - jetty-8.1.10.v20130312
[2013-09-27 16:18:37,765] WARN  [org.eclipse.jetty.util.component.AbstractLifeCycle]  - FAILED SelectChannelConnector@0.0.0.0:8081: java.net.BindException: Address already in use
java.net.BindException: Address already in use
	at sun.nio.ch.Net.bind0(Native Method)
	at sun.nio.ch.Net.bind(Net.java:444)
	at sun.nio.ch.Net.bind(Net.java:436)
	at sun.nio.ch.ServerSocketChannelImpl.bind(ServerSocketChannelImpl.java:214)
	at sun.nio.ch.ServerSocketAdaptor.bind(ServerSocketAdaptor.java:74)
	at org.eclipse.jetty.server.nio.SelectChannelConnector.open(SelectChannelConnector.java:187)
	at org.eclipse.jetty.server.AbstractConnector.doStart(AbstractConnector.java:316)
	at org.eclipse.jetty.server.nio.SelectChannelConnector.doStart(SelectChannelConnector.java:265)
	at org.eclipse.jetty.util.component.AbstractLifeCycle.start(AbstractLifeCycle.java:64)
	at org.eclipse.jetty.server.Server.doStart(Server.java:291)
	at org.eclipse.jetty.util.component.AbstractLifeCycle.start(AbstractLifeCycle.java:64)
	at de.ifgi.lod4wfs.web.Start.main(Start.java:57)
[2013-09-27 16:18:37,767] WARN  [org.eclipse.jetty.util.component.AbstractLifeCycle]  - FAILED org.eclipse.jetty.server.Server@6d7af37b: java.net.BindException: Address already in use
java.net.BindException: Address already in use
	at sun.nio.ch.Net.bind0(Native Method)
	at sun.nio.ch.Net.bind(Net.java:444)
	at sun.nio.ch.Net.bind(Net.java:436)
	at sun.nio.ch.ServerSocketChannelImpl.bind(ServerSocketChannelImpl.java:214)
	at sun.nio.ch.ServerSocketAdaptor.bind(ServerSocketAdaptor.java:74)
	at org.eclipse.jetty.server.nio.SelectChannelConnector.open(SelectChannelConnector.java:187)
	at org.eclipse.jetty.server.AbstractConnector.doStart(AbstractConnector.java:316)
	at org.eclipse.jetty.server.nio.SelectChannelConnector.doStart(SelectChannelConnector.java:265)
	at org.eclipse.jetty.util.component.AbstractLifeCycle.start(AbstractLifeCycle.java:64)
	at org.eclipse.jetty.server.Server.doStart(Server.java:291)
	at org.eclipse.jetty.util.component.AbstractLifeCycle.start(AbstractLifeCycle.java:64)
	at de.ifgi.lod4wfs.web.Start.main(Start.java:57)
[2013-09-27 16:18:42,774] INFO  [Factory]  - Listing geographic layers at http://recife:8080/openrdf-sesame/repositories/lod4wfs ...
[2013-09-27 16:18:42,930] INFO  [org.eclipse.jetty.server.Server]  - jetty-8.1.10.v20130312
[2013-09-27 16:18:42,995] INFO  [org.eclipse.jetty.server.AbstractConnector]  - Started SelectChannelConnector@0.0.0.0:8081
[2013-09-27 16:19:34,538] INFO  [Factory]  - Listing geographic layers at http://recife:8080/openrdf-sesame/repositories/lod4wfs ...
[2013-09-27 16:19:34,703] INFO  [Factory]  - Creating Capabilities Document of WL-POOL1-PNT-12876.UNI-MUENSTER.DE:8081/lod4wfs/wfs ...
[2013-09-27 16:19:34,886] INFO  [org.eclipse.jetty.server.Server]  - jetty-8.1.10.v20130312
[2013-09-27 16:19:34,949] INFO  [org.eclipse.jetty.server.AbstractConnector]  - Started SelectChannelConnector@0.0.0.0:8081
[2013-09-27 16:21:00,609] INFO  [Factory]  - Listing geographic layers at http://recife:8080/openrdf-sesame/repositories/lod4wfs ...
[2013-09-27 16:21:00,769] INFO  [Factory]  - Creating Capabilities Document of WL-POOL1-PNT-12876.UNI-MUENSTER.DE:8088/lod4wfs/wfs ...
[2013-09-27 16:21:00,819] INFO  [org.eclipse.jetty.server.Server]  - jetty-8.1.10.v20130312
[2013-09-27 16:21:00,894] INFO  [org.eclipse.jetty.server.AbstractConnector]  - Started SelectChannelConnector@0.0.0.0:8088
[2013-09-27 16:21:10,952] INFO  [Web-Interface]  - Processing GetCapabilities  ...
[2013-09-27 16:21:10,952] INFO  [Factory]  - Listing geographic layers at http://recife:8080/openrdf-sesame/repositories/lod4wfs ...
[2013-09-27 16:21:10,988] INFO  [Factory]  - Creating Capabilities Document of WL-POOL1-PNT-12876.UNI-MUENSTER.DE:8088/lod4wfs/wfs ...
[2013-09-27 16:21:11,008] INFO  [Web-Interface]  - GetCapabilities request delivered. 
[2013-09-27 16:21:17,266] INFO  [Web-Interface]  - Processing DescribeFeatureType request for the feature gl0:brazil_municipalities ...
[2013-09-27 16:21:17,266] INFO  [Factory]  - Listing available predicates for gl0:brazil_municipalities ...
[2013-09-27 16:21:17,613] INFO  [Factory]  - Creating DescribeFeatureType XML document for gl0:brazil_municipalities ...
[2013-09-27 16:21:17,615] INFO  [Factory]  - Getting geometry type for gl0:brazil_municipalities ...
[2013-09-27 16:21:17,698] INFO  [Web-Interface]  - DescribeFeatureType request delivered.
[2013-09-27 16:21:17,707] INFO  [Web-Interface]  - Processing GetFeature request for the feature gl0:brazil_municipalities ...
[2013-09-27 16:21:17,707] INFO  [Factory]  - Listing available predicates for gl0:brazil_municipalities ...
[2013-09-27 16:21:18,025] INFO  [Factory]  - Performing query at http://recife:8080/openrdf-sesame/repositories/lod4wfs to retrieve all geometries of gl0:brazil_municipalities  ...
[2013-09-27 16:21:18,058] INFO  [Factory]  - Creating GetFeature XML document for gl0:brazil_municipalities...
[2013-09-27 16:21:26,017] INFO  [Factory]  - XML Document with 5799 features successfully created.
[2013-09-27 16:21:26,839] INFO  [Web-Interface]  - GetFeature request delivered. 

[2013-09-27 16:21:27,705] INFO  [Web-Interface]  - Processing GetCapabilities  ...
[2013-09-27 16:21:27,705] INFO  [Factory]  - Listing geographic layers at http://recife:8080/openrdf-sesame/repositories/lod4wfs ...
[2013-09-27 16:21:27,744] INFO  [Factory]  - Creating Capabilities Document of WL-POOL1-PNT-12876.UNI-MUENSTER.DE:8088/lod4wfs/wfs ...
[2013-09-27 16:21:27,769] INFO  [Web-Interface]  - GetCapabilities request delivered. 
